# JRE version: Java(TM) SE Runtime Environment (8.0_151-b12) (build 1.8.0_151-b12)
# Java VM: Java HotSpot(TM) 64-Bit Server VM (25.151-b12 mixed mode windows-amd64 compressed oops)
Heap:
 PSYoungGen      total 69120K, used 5546K [0x000000076b580000, 0x0000000770500000, 0x00000007c0000000)
  eden space 59904K, 9% used [0x000000076b580000,0x000000076baeaa60,0x000000076f000000)
  from space 9216K, 0% used [0x000000076fb00000,0x000000076fb00000,0x0000000770400000)
  to   space 10752K, 0% used [0x000000076f000000,0x000000076f000000,0x000000076fa80000)
 ParOldGen       total 78848K, used 14586K [0x00000006c2000000, 0x00000006c6d00000, 0x000000076b580000)
  object space 78848K, 18% used [0x00000006c2000000,0x00000006c2e3ebe8,0x00000006c6d00000)
 Metaspace       used 34388K, capacity 35606K, committed 35928K, reserved 1081344K
  class space    used 4434K, capacity 4684K, committed 4736K, reserved 1048576K
GC Heap History (10 events):
Event: 20.053 GC heap before
{Heap before GC invocations=6 (full 1):
 PSYoungGen      total 75776K, used 70154K [0x000000076b580000, 0x0000000770a00000, 0x00000007c0000000)
  eden space 65024K, 100% used [0x000000076b580000,0x000000076f500000,0x000000076f500000)
  from space 10752K, 47% used [0x000000076ff80000,0x0000000770482a40,0x0000000770a00000)
  to   space 10752K, 0% used [0x000000076f500000,0x000000076f500000,0x000000076ff80000)
 ParOldGen       total 73728K, used 8381K [0x00000006c2000000, 0x00000006c6800000, 0x000000076b580000)
  object space 73728K, 11% used [0x00000006c2000000,0x00000006c282f4d8,0x00000006c6800000)
 Metaspace       used 27154K, capacity 28118K, committed 28416K, reserved 1073152K
  class space    used 3508K, capacity 3722K, committed 3840K, reserved 1048576K
Event: 20.057 GC heap after
Heap after GC invocations=6 (full 1):
 PSYoungGen      total 70144K, used 6604K [0x000000076b580000, 0x0000000770680000, 0x00000007c0000000)
  eden space 63488K, 0% used [0x000000076b580000,0x000000076b580000,0x000000076f380000)
  from space 6656K, 99% used [0x000000076f500000,0x000000076fb73228,0x000000076fb80000)
  to   space 9728K, 0% used [0x000000076fd00000,0x000000076fd00000,0x0000000770680000)
 ParOldGen       total 73728K, used 8389K [0x00000006c2000000, 0x00000006c6800000, 0x000000076b580000)
  object space 73728K, 11% used [0x00000006c2000000,0x00000006c28314d8,0x00000006c6800000)
 Metaspace       used 27154K, capacity 28118K, committed 28416K, reserved 1073152K
  class space    used 3508K, capacity 3722K, committed 3840K, reserved 1048576K
}
Event: 22.317 GC heap before
{Heap before GC invocations=7 (full 1):
 PSYoungGen      total 70144K, used 70092K [0x000000076b580000, 0x0000000770680000, 0x00000007c0000000)
  eden space 63488K, 100% used [0x000000076b580000,0x000000076f380000,0x000000076f380000)
  from space 6656K, 99% used [0x000000076f500000,0x000000076fb73228,0x000000076fb80000)
  to   space 9728K, 0% used [0x000000076fd00000,0x000000076fd00000,0x0000000770680000)
 ParOldGen       total 73728K, used 8389K [0x00000006c2000000, 0x00000006c6800000, 0x000000076b580000)
  object space 73728K, 11% used [0x00000006c2000000,0x00000006c28314d8,0x00000006c6800000)
 Metaspace       used 29248K, capacity 30228K, committed 30464K, reserved 1075200K
  class space    used 3766K, capacity 4001K, committed 4096K, reserved 1048576K
Event: 22.324 GC heap after
Heap after GC invocations=7 (full 1):
 PSYoungGen      total 69632K, used 7529K [0x000000076b580000, 0x0000000770480000, 0x00000007c0000000)
  eden space 61952K, 0% used [0x000000076b580000,0x000000076b580000,0x000000076f200000)
  from space 7680K, 98% used [0x000000076fd00000,0x000000077045a638,0x0000000770480000)
  to   space 9216K, 0% used [0x000000076f280000,0x000000076f280000,0x000000076fb80000)
 ParOldGen       total 73728K, used 8397K [0x00000006c2000000, 0x00000006c6800000, 0x000000076b580000)
  object space 73728K, 11% used [0x00000006c2000000,0x00000006c28334d8,0x00000006c6800000)
 Metaspace       used 29248K, capacity 30228K, committed 30464K, reserved 1075200K
  class space    used 3766K, capacity 4001K, committed 4096K, reserved 1048576K
}
Event: 25.203 GC heap before
{Heap before GC invocations=8 (full 1):
 PSYoungGen      total 69632K, used 69481K [0x000000076b580000, 0x0000000770480000, 0x00000007c0000000)
  eden space 61952K, 100% used [0x000000076b580000,0x000000076f200000,0x000000076f200000)
  from space 7680K, 98% used [0x000000076fd00000,0x000000077045a638,0x0000000770480000)
  to   space 9216K, 0% used [0x000000076f280000,0x000000076f280000,0x000000076fb80000)
 ParOldGen       total 73728K, used 8397K [0x00000006c2000000, 0x00000006c6800000, 0x000000076b580000)
  object space 73728K, 11% used [0x00000006c2000000,0x00000006c28334d8,0x00000006c6800000)
 Metaspace       used 31265K, capacity 32410K, committed 32512K, reserved 1077248K
  class space    used 4028K, capacity 4286K, committed 4352K, reserved 1048576K
Event: 25.208 GC heap after
Heap after GC invocations=8 (full 1):
 PSYoungGen      total 69632K, used 8640K [0x000000076b580000, 0x0000000770400000, 0x00000007c0000000)
  eden space 60928K, 0% used [0x000000076b580000,0x000000076b580000,0x000000076f100000)
  from space 8704K, 99% used [0x000000076f280000,0x000000076faf03f0,0x000000076fb00000)
  to   space 9216K, 0% used [0x000000076fb00000,0x000000076fb00000,0x0000000770400000)
 ParOldGen       total 73728K, used 8405K [0x00000006c2000000, 0x00000006c6800000, 0x000000076b580000)
  object space 73728K, 11% used [0x00000006c2000000,0x00000006c28354d8,0x00000006c6800000)
 Metaspace       used 31265K, capacity 32410K, committed 32512K, reserved 1077248K
  class space    used 4028K, capacity 4286K, committed 4352K, reserved 1048576K
}
Event: 28.392 GC heap before
{Heap before GC invocations=9 (full 1):
 PSYoungGen      total 69632K, used 69494K [0x000000076b580000, 0x0000000770400000, 0x00000007c0000000)
  eden space 60928K, 99% used [0x000000076b580000,0x000000076f0ed590,0x000000076f100000)
  from space 8704K, 99% used [0x000000076f280000,0x000000076faf03f0,0x000000076fb00000)
  to   space 9216K, 0% used [0x000000076fb00000,0x000000076fb00000,0x0000000770400000)
 ParOldGen       total 73728K, used 8405K [0x00000006c2000000, 0x00000006c6800000, 0x000000076b580000)
  object space 73728K, 11% used [0x00000006c2000000,0x00000006c28354d8,0x00000006c6800000)
 Metaspace       used 34099K, capacity 35306K, committed 35416K, reserved 1079296K
  class space    used 4398K, capacity 4650K, committed 4736K, reserved 1048576K
Event: 28.402 GC heap after
Heap after GC invocations=9 (full 1):
 PSYoungGen      total 69120K, used 9202K [0x000000076b580000, 0x0000000770500000, 0x00000007c0000000)
  eden space 59904K, 0% used [0x000000076b580000,0x000000076b580000,0x000000076f000000)
  from space 9216K, 99% used [0x000000076fb00000,0x00000007703fc9e0,0x0000000770400000)
  to   space 10752K, 0% used [0x000000076f000000,0x000000076f000000,0x000000076fa80000)
 ParOldGen       total 73728K, used 9238K [0x00000006c2000000, 0x00000006c6800000, 0x000000076b580000)
  object space 73728K, 12% used [0x00000006c2000000,0x00000006c2905a68,0x00000006c6800000)
 Metaspace       used 34099K, capacity 35306K, committed 35416K, reserved 1079296K
  class space    used 4398K, capacity 4650K, committed 4736K, reserved 1048576K
}
Event: 28.402 GC heap before
{Heap before GC invocations=10 (full 2):
 PSYoungGen      total 69120K, used 9202K [0x000000076b580000, 0x0000000770500000, 0x00000007c0000000)
  eden space 59904K, 0% used [0x000000076b580000,0x000000076b580000,0x000000076f000000)
  from space 9216K, 99% used [0x000000076fb00000,0x00000007703fc9e0,0x0000000770400000)
  to   space 10752K, 0% used [0x000000076f000000,0x000000076f000000,0x000000076fa80000)
 ParOldGen       total 73728K, used 9238K [0x00000006c2000000, 0x00000006c6800000, 0x000000076b580000)
  object space 73728K, 12% used [0x00000006c2000000,0x00000006c2905a68,0x00000006c6800000)
 Metaspace       used 34099K, capacity 35306K, committed 35416K, reserved 1079296K
  class space    used 4398K, capacity 4650K, committed 4736K, reserved 1048576K
Event: 28.467 GC heap after
Heap after GC invocations=10 (full 2):
 PSYoungGen      total 69120K, used 0K [0x000000076b580000, 0x0000000770500000, 0x00000007c0000000)
  eden space 59904K, 0% used [0x000000076b580000,0x000000076b580000,0x000000076f000000)
  from space 9216K, 0% used [0x000000076fb00000,0x000000076fb00000,0x0000000770400000)
  to   space 10752K, 0% used [0x000000076f000000,0x000000076f000000,0x000000076fa80000)
 ParOldGen       total 78848K, used 14586K [0x00000006c2000000, 0x00000006c6d00000, 0x000000076b580000)
  object space 78848K, 18% used [0x00000006c2000000,0x00000006c2e3ebe8,0x00000006c6d00000)
 Metaspace       used 34099K, capacity 35306K, committed 35416K, reserved 1079296K
  class space    used 4398K, capacity 4650K, committed 4736K, reserved 1048576K
}

