# JRE version: Java(TM) SE Runtime Environment (8.0_151-b12) (build 1.8.0_151-b12)
# Java VM: Java HotSpot(TM) 64-Bit Server VM (25.151-b12 mixed mode windows-amd64 compressed oops)
Heap:
 PSYoungGen      total 215552K, used 102933K [0x000000076b580000, 0x000000077c800000, 0x00000007c0000000)
  eden space 205312K, 45% used [0x000000076b580000,0x0000000771077d48,0x0000000777e00000)
  from space 10240K, 95% used [0x000000077be00000,0x000000077c78d908,0x000000077c800000)
  to   space 10752K, 0% used [0x000000077b300000,0x000000077b300000,0x000000077bd80000)
 ParOldGen       total 97280K, used 7899K [0x00000006c2000000, 0x00000006c7f00000, 0x000000076b580000)
  object space 97280K, 8% used [0x00000006c2000000,0x00000006c27b6c48,0x00000006c7f00000)
 Metaspace       used 29785K, capacity 30778K, committed 30976K, reserved 1077248K
  class space    used 3825K, capacity 4068K, committed 4096K, reserved 1048576K
GC Heap History (10 events):
Event: 2.076 GC heap before
{Heap before GC invocations=1 (full 0):
 PSYoungGen      total 75776K, used 65024K [0x000000076b580000, 0x0000000770a00000, 0x00000007c0000000)
  eden space 65024K, 100% used [0x000000076b580000,0x000000076f500000,0x000000076f500000)
  from space 10752K, 0% used [0x000000076ff80000,0x000000076ff80000,0x0000000770a00000)
  to   space 10752K, 0% used [0x000000076f500000,0x000000076f500000,0x000000076ff80000)
 ParOldGen       total 173568K, used 0K [0x00000006c2000000, 0x00000006cc980000, 0x000000076b580000)
  object space 173568K, 0% used [0x00000006c2000000,0x00000006c2000000,0x00000006cc980000)
 Metaspace       used 11403K, capacity 11696K, committed 11776K, reserved 1058816K
  class space    used 1338K, capacity 1458K, committed 1536K, reserved 1048576K
Event: 2.110 GC heap after
Heap after GC invocations=1 (full 0):
 PSYoungGen      total 75776K, used 6768K [0x000000076b580000, 0x0000000774980000, 0x00000007c0000000)
  eden space 65024K, 0% used [0x000000076b580000,0x000000076b580000,0x000000076f500000)
  from space 10752K, 62% used [0x000000076f500000,0x000000076fb9c0b0,0x000000076ff80000)
  to   space 10752K, 0% used [0x0000000773f00000,0x0000000773f00000,0x0000000774980000)
 ParOldGen       total 173568K, used 16K [0x00000006c2000000, 0x00000006cc980000, 0x000000076b580000)
  object space 173568K, 0% used [0x00000006c2000000,0x00000006c2004000,0x00000006cc980000)
 Metaspace       used 11403K, capacity 11696K, committed 11776K, reserved 1058816K
  class space    used 1338K, capacity 1458K, committed 1536K, reserved 1048576K
}
Event: 3.075 GC heap before
{Heap before GC invocations=2 (full 0):
 PSYoungGen      total 75776K, used 71792K [0x000000076b580000, 0x0000000774980000, 0x00000007c0000000)
  eden space 65024K, 100% used [0x000000076b580000,0x000000076f500000,0x000000076f500000)
  from space 10752K, 62% used [0x000000076f500000,0x000000076fb9c0b0,0x000000076ff80000)
  to   space 10752K, 0% used [0x0000000773f00000,0x0000000773f00000,0x0000000774980000)
 ParOldGen       total 173568K, used 16K [0x00000006c2000000, 0x00000006cc980000, 0x000000076b580000)
  object space 173568K, 0% used [0x00000006c2000000,0x00000006c2004000,0x00000006cc980000)
 Metaspace       used 16053K, capacity 16456K, committed 16768K, reserved 1064960K
  class space    used 1972K, capacity 2097K, committed 2176K, reserved 1048576K
Event: 3.083 GC heap after
Heap after GC invocations=2 (full 0):
 PSYoungGen      total 140800K, used 7872K [0x000000076b580000, 0x0000000774980000, 0x00000007c0000000)
  eden space 130048K, 0% used [0x000000076b580000,0x000000076b580000,0x0000000773480000)
  from space 10752K, 73% used [0x0000000773f00000,0x00000007746b0398,0x0000000774980000)
  to   space 10752K, 0% used [0x0000000773480000,0x0000000773480000,0x0000000773f00000)
 ParOldGen       total 173568K, used 24K [0x00000006c2000000, 0x00000006cc980000, 0x000000076b580000)
  object space 173568K, 0% used [0x00000006c2000000,0x00000006c2006000,0x00000006cc980000)
 Metaspace       used 16053K, capacity 16456K, committed 16768K, reserved 1064960K
  class space    used 1972K, capacity 2097K, committed 2176K, reserved 1048576K
}
Event: 3.713 GC heap before
{Heap before GC invocations=3 (full 0):
 PSYoungGen      total 140800K, used 65477K [0x000000076b580000, 0x0000000774980000, 0x00000007c0000000)
  eden space 130048K, 44% used [0x000000076b580000,0x000000076edc1068,0x0000000773480000)
  from space 10752K, 73% used [0x0000000773f00000,0x00000007746b0398,0x0000000774980000)
  to   space 10752K, 0% used [0x0000000773480000,0x0000000773480000,0x0000000773f00000)
 ParOldGen       total 173568K, used 24K [0x00000006c2000000, 0x00000006cc980000, 0x000000076b580000)
  object space 173568K, 0% used [0x00000006c2000000,0x00000006c2006000,0x00000006cc980000)
 Metaspace       used 20652K, capacity 21214K, committed 21248K, reserved 1067008K
  class space    used 2643K, capacity 2786K, committed 2816K, reserved 1048576K
Event: 3.722 GC heap after
Heap after GC invocations=3 (full 0):
 PSYoungGen      total 140800K, used 8138K [0x000000076b580000, 0x000000077c880000, 0x00000007c0000000)
  eden space 130048K, 0% used [0x000000076b580000,0x000000076b580000,0x0000000773480000)
  from space 10752K, 75% used [0x0000000773480000,0x0000000773c72af8,0x0000000773f00000)
  to   space 10752K, 0% used [0x000000077be00000,0x000000077be00000,0x000000077c880000)
 ParOldGen       total 173568K, used 96K [0x00000006c2000000, 0x00000006cc980000, 0x000000076b580000)
  object space 173568K, 0% used [0x00000006c2000000,0x00000006c2018010,0x00000006cc980000)
 Metaspace       used 20652K, capacity 21214K, committed 21248K, reserved 1067008K
  class space    used 2643K, capacity 2786K, committed 2816K, reserved 1048576K
}
Event: 3.722 GC heap before
{Heap before GC invocations=4 (full 1):
 PSYoungGen      total 140800K, used 8138K [0x000000076b580000, 0x000000077c880000, 0x00000007c0000000)
  eden space 130048K, 0% used [0x000000076b580000,0x000000076b580000,0x0000000773480000)
  from space 10752K, 75% used [0x0000000773480000,0x0000000773c72af8,0x0000000773f00000)
  to   space 10752K, 0% used [0x000000077be00000,0x000000077be00000,0x000000077c880000)
 ParOldGen       total 173568K, used 96K [0x00000006c2000000, 0x00000006cc980000, 0x000000076b580000)
  object space 173568K, 0% used [0x00000006c2000000,0x00000006c2018010,0x00000006cc980000)
 Metaspace       used 20652K, capacity 21214K, committed 21248K, reserved 1067008K
  class space    used 2643K, capacity 2786K, committed 2816K, reserved 1048576K
Event: 3.749 GC heap after
Heap after GC invocations=4 (full 1):
 PSYoungGen      total 140800K, used 0K [0x000000076b580000, 0x000000077c880000, 0x00000007c0000000)
  eden space 130048K, 0% used [0x000000076b580000,0x000000076b580000,0x0000000773480000)
  from space 10752K, 0% used [0x0000000773480000,0x0000000773480000,0x0000000773f00000)
  to   space 10752K, 0% used [0x000000077be00000,0x000000077be00000,0x000000077c880000)
 ParOldGen       total 97280K, used 7891K [0x00000006c2000000, 0x00000006c7f00000, 0x000000076b580000)
  object space 97280K, 8% used [0x00000006c2000000,0x00000006c27b4c48,0x00000006c7f00000)
 Metaspace       used 20652K, capacity 21214K, committed 21248K, reserved 1067008K
  class space    used 2643K, capacity 2786K, committed 2816K, reserved 1048576K
}
Event: 12.785 GC heap before
{Heap before GC invocations=5 (full 1):
 PSYoungGen      total 140800K, used 130048K [0x000000076b580000, 0x000000077c880000, 0x00000007c0000000)
  eden space 130048K, 100% used [0x000000076b580000,0x0000000773480000,0x0000000773480000)
  from space 10752K, 0% used [0x0000000773480000,0x0000000773480000,0x0000000773f00000)
  to   space 10752K, 0% used [0x000000077be00000,0x000000077be00000,0x000000077c880000)
 ParOldGen       total 97280K, used 7891K [0x00000006c2000000, 0x00000006c7f00000, 0x000000076b580000)
  object space 97280K, 8% used [0x00000006c2000000,0x00000006c27b4c48,0x00000006c7f00000)
 Metaspace       used 27173K, capacity 28122K, committed 28416K, reserved 1073152K
  class space    used 3507K, capacity 3722K, committed 3840K, reserved 1048576K
Event: 12.798 GC heap after
Heap after GC invocations=5 (full 1):
 PSYoungGen      total 215552K, used 9782K [0x000000076b580000, 0x000000077c800000, 0x00000007c0000000)
  eden space 205312K, 0% used [0x000000076b580000,0x000000076b580000,0x0000000777e00000)
  from space 10240K, 95% used [0x000000077be00000,0x000000077c78d908,0x000000077c800000)
  to   space 10752K, 0% used [0x000000077b300000,0x000000077b300000,0x000000077bd80000)
 ParOldGen       total 97280K, used 7899K [0x00000006c2000000, 0x00000006c7f00000, 0x000000076b580000)
  object space 97280K, 8% used [0x00000006c2000000,0x00000006c27b6c48,0x00000006c7f00000)
 Metaspace       used 27173K, capacity 28122K, committed 28416K, reserved 1073152K
  class space    used 3507K, capacity 3722K, committed 3840K, reserved 1048576K
}

