# JRE version: Java(TM) SE Runtime Environment (8.0_151-b12) (build 1.8.0_151-b12)
# Java VM: Java HotSpot(TM) 64-Bit Server VM (25.151-b12 mixed mode windows-amd64 compressed oops)
Heap:
 PSYoungGen      total 197632K, used 195459K [0x000000076b580000, 0x0000000778600000, 0x00000007c0000000)
  eden space 186880K, 98% used [0x000000076b580000,0x00000007769e9eb8,0x0000000776c00000)
  from space 10752K, 99% used [0x0000000777b80000,0x00000007785f6f90,0x0000000778600000)
  to   space 13312K, 0% used [0x0000000776c00000,0x0000000776c00000,0x0000000777900000)
 ParOldGen       total 170496K, used 14402K [0x00000006c2000000, 0x00000006cc680000, 0x000000076b580000)
  object space 170496K, 8% used [0x00000006c2000000,0x00000006c2e109a0,0x00000006cc680000)
 Metaspace       used 49775K, capacity 51432K, committed 51584K, reserved 1095680K
  class space    used 6163K, capacity 6486K, committed 6528K, reserved 1048576K
GC Heap History (10 events):
Event: 4.279 GC heap before
{Heap before GC invocations=6 (full 1):
 PSYoungGen      total 98304K, used 97919K [0x000000076b580000, 0x0000000774400000, 0x00000007c0000000)
  eden space 93184K, 100% used [0x000000076b580000,0x0000000771080000,0x0000000771080000)
  from space 5120K, 92% used [0x0000000773f00000,0x000000077439fd30,0x0000000774400000)
  to   space 10752K, 0% used [0x0000000772f00000,0x0000000772f00000,0x0000000773980000)
 ParOldGen       total 106496K, used 7559K [0x00000006c2000000, 0x00000006c8800000, 0x000000076b580000)
  object space 106496K, 7% used [0x00000006c2000000,0x00000006c2761cf8,0x00000006c8800000)
 Metaspace       used 26635K, capacity 27592K, committed 27648K, reserved 1075200K
  class space    used 3345K, capacity 3564K, committed 3584K, reserved 1048576K
Event: 4.288 GC heap after
Heap after GC invocations=6 (full 1):
 PSYoungGen      total 135168K, used 8544K [0x000000076b580000, 0x0000000774e00000, 0x00000007c0000000)
  eden space 124416K, 0% used [0x000000076b580000,0x000000076b580000,0x0000000772f00000)
  from space 10752K, 79% used [0x0000000772f00000,0x0000000773758158,0x0000000773980000)
  to   space 10240K, 0% used [0x0000000774400000,0x0000000774400000,0x0000000774e00000)
 ParOldGen       total 106496K, used 7559K [0x00000006c2000000, 0x00000006c8800000, 0x000000076b580000)
  object space 106496K, 7% used [0x00000006c2000000,0x00000006c2761cf8,0x00000006c8800000)
 Metaspace       used 26635K, capacity 27592K, committed 27648K, reserved 1075200K
  class space    used 3345K, capacity 3564K, committed 3584K, reserved 1048576K
}
Event: 5.426 GC heap before
{Heap before GC invocations=7 (full 1):
 PSYoungGen      total 135168K, used 132960K [0x000000076b580000, 0x0000000774e00000, 0x00000007c0000000)
  eden space 124416K, 100% used [0x000000076b580000,0x0000000772f00000,0x0000000772f00000)
  from space 10752K, 79% used [0x0000000772f00000,0x0000000773758158,0x0000000773980000)
  to   space 10240K, 0% used [0x0000000774400000,0x0000000774400000,0x0000000774e00000)
 ParOldGen       total 106496K, used 7559K [0x00000006c2000000, 0x00000006c8800000, 0x000000076b580000)
  object space 106496K, 7% used [0x00000006c2000000,0x00000006c2761cf8,0x00000006c8800000)
 Metaspace       used 31558K, capacity 32734K, committed 32896K, reserved 1079296K
  class space    used 3986K, capacity 4213K, committed 4224K, reserved 1048576K
Event: 5.438 GC heap after
Heap after GC invocations=7 (full 1):
 PSYoungGen      total 143872K, used 10231K [0x000000076b580000, 0x0000000777d80000, 0x00000007c0000000)
  eden space 133632K, 0% used [0x000000076b580000,0x000000076b580000,0x0000000773800000)
  from space 10240K, 99% used [0x0000000774400000,0x0000000774dfdd60,0x0000000774e00000)
  to   space 12288K, 0% used [0x0000000773800000,0x0000000773800000,0x0000000774400000)
 ParOldGen       total 106496K, used 9369K [0x00000006c2000000, 0x00000006c8800000, 0x000000076b580000)
  object space 106496K, 8% used [0x00000006c2000000,0x00000006c2926670,0x00000006c8800000)
 Metaspace       used 31558K, capacity 32734K, committed 32896K, reserved 1079296K
  class space    used 3986K, capacity 4213K, committed 4224K, reserved 1048576K
}
Event: 7.428 GC heap before
{Heap before GC invocations=8 (full 1):
 PSYoungGen      total 143872K, used 56135K [0x000000076b580000, 0x0000000777d80000, 0x00000007c0000000)
  eden space 133632K, 34% used [0x000000076b580000,0x000000076e253fd8,0x0000000773800000)
  from space 10240K, 99% used [0x0000000774400000,0x0000000774dfdd60,0x0000000774e00000)
  to   space 12288K, 0% used [0x0000000773800000,0x0000000773800000,0x0000000774400000)
 ParOldGen       total 106496K, used 9369K [0x00000006c2000000, 0x00000006c8800000, 0x000000076b580000)
  object space 106496K, 8% used [0x00000006c2000000,0x00000006c2926670,0x00000006c8800000)
 Metaspace       used 34183K, capacity 35360K, committed 35416K, reserved 1081344K
  class space    used 4331K, capacity 4582K, committed 4608K, reserved 1048576K
Event: 7.440 GC heap after
Heap after GC invocations=8 (full 1):
 PSYoungGen      total 145920K, used 9791K [0x000000076b580000, 0x0000000778800000, 0x00000007c0000000)
  eden space 133632K, 0% used [0x000000076b580000,0x000000076b580000,0x0000000773800000)
  from space 12288K, 79% used [0x0000000773800000,0x000000077418ff38,0x0000000774400000)
  to   space 12800K, 0% used [0x0000000777b80000,0x0000000777b80000,0x0000000778800000)
 ParOldGen       total 106496K, used 9377K [0x00000006c2000000, 0x00000006c8800000, 0x000000076b580000)
  object space 106496K, 8% used [0x00000006c2000000,0x00000006c2928670,0x00000006c8800000)
 Metaspace       used 34183K, capacity 35360K, committed 35416K, reserved 1081344K
  class space    used 4331K, capacity 4582K, committed 4608K, reserved 1048576K
}
Event: 7.440 GC heap before
{Heap before GC invocations=9 (full 2):
 PSYoungGen      total 145920K, used 9791K [0x000000076b580000, 0x0000000778800000, 0x00000007c0000000)
  eden space 133632K, 0% used [0x000000076b580000,0x000000076b580000,0x0000000773800000)
  from space 12288K, 79% used [0x0000000773800000,0x000000077418ff38,0x0000000774400000)
  to   space 12800K, 0% used [0x0000000777b80000,0x0000000777b80000,0x0000000778800000)
 ParOldGen       total 106496K, used 9377K [0x00000006c2000000, 0x00000006c8800000, 0x000000076b580000)
  object space 106496K, 8% used [0x00000006c2000000,0x00000006c2928670,0x00000006c8800000)
 Metaspace       used 34183K, capacity 35360K, committed 35416K, reserved 1081344K
  class space    used 4331K, capacity 4582K, committed 4608K, reserved 1048576K
Event: 7.497 GC heap after
Heap after GC invocations=9 (full 2):
 PSYoungGen      total 145920K, used 0K [0x000000076b580000, 0x0000000778800000, 0x00000007c0000000)
  eden space 133632K, 0% used [0x000000076b580000,0x000000076b580000,0x0000000773800000)
  from space 12288K, 0% used [0x0000000773800000,0x0000000773800000,0x0000000774400000)
  to   space 12800K, 0% used [0x0000000777b80000,0x0000000777b80000,0x0000000778800000)
 ParOldGen       total 170496K, used 14378K [0x00000006c2000000, 0x00000006cc680000, 0x000000076b580000)
  object space 170496K, 8% used [0x00000006c2000000,0x00000006c2e0a990,0x00000006cc680000)
 Metaspace       used 34183K, capacity 35360K, committed 35416K, reserved 1081344K
  class space    used 4331K, capacity 4582K, committed 4608K, reserved 1048576K
}
Event: 10.122 GC heap before
{Heap before GC invocations=10 (full 2):
 PSYoungGen      total 145920K, used 133632K [0x000000076b580000, 0x0000000778800000, 0x00000007c0000000)
  eden space 133632K, 100% used [0x000000076b580000,0x0000000773800000,0x0000000773800000)
  from space 12288K, 0% used [0x0000000773800000,0x0000000773800000,0x0000000774400000)
  to   space 12800K, 0% used [0x0000000777b80000,0x0000000777b80000,0x0000000778800000)
 ParOldGen       total 170496K, used 14378K [0x00000006c2000000, 0x00000006cc680000, 0x000000076b580000)
  object space 170496K, 8% used [0x00000006c2000000,0x00000006c2e0a990,0x00000006cc680000)
 Metaspace       used 44664K, capacity 46170K, committed 46208K, reserved 1091584K
  class space    used 5459K, capacity 5747K, committed 5760K, reserved 1048576K
Event: 10.131 GC heap after
Heap after GC invocations=10 (full 2):
 PSYoungGen      total 197632K, used 10715K [0x000000076b580000, 0x0000000778600000, 0x00000007c0000000)
  eden space 186880K, 0% used [0x000000076b580000,0x000000076b580000,0x0000000776c00000)
  from space 10752K, 99% used [0x0000000777b80000,0x00000007785f6f90,0x0000000778600000)
  to   space 13312K, 0% used [0x0000000776c00000,0x0000000776c00000,0x0000000777900000)
 ParOldGen       total 170496K, used 14402K [0x00000006c2000000, 0x00000006cc680000, 0x000000076b580000)
  object space 170496K, 8% used [0x00000006c2000000,0x00000006c2e109a0,0x00000006cc680000)
 Metaspace       used 44664K, capacity 46170K, committed 46208K, reserved 1091584K
  class space    used 5459K, capacity 5747K, committed 5760K, reserved 1048576K
}

